<?xml version="1.0" encoding="UTF-8"?>
<!-- Generated by org.testng.reporters.JUnitXMLReporter -->
<testsuite ignored="2" hostname="Laptop-PraphullG" failures="0" tests="1" name="Default test" time="12.56" errors="0" timestamp="2021-11-19T17:42:16 IST">
  <testcase classname="testcases.LoginPagePOMTests" name="loginTest" time="3.729"/>
  <testcase classname="testcases.LoginPagePOMTests" name="verifyLoginLogoPF" time="0.0">
    <ignored/>
  </testcase> <!-- verifyLoginLogoPF -->
  <testcase classname="testcases.LoginPagePOMTests" name="verifyBotLogo" time="0.0">
    <ignored/>
  </testcase> <!-- verifyBotLogo -->
</testsuite> <!-- Default test -->
