<?xml version="1.0" encoding="UTF-8"?>
<testng-results ignored="2" total="3" passed="1" failed="0" skipped="0">
  <reporter-output>
  </reporter-output>
  <suite started-at="2021-11-19T17:42:04 IST" name="Default suite" finished-at="2021-11-19T17:42:16 IST" duration-ms="12560">
    <groups>
    </groups>
    <test started-at="2021-11-19T17:42:04 IST" name="Default test" finished-at="2021-11-19T17:42:16 IST" duration-ms="12560">
      <class name="testcases.LoginPagePOMTests">
        <test-method is-config="true" signature="setup()[pri:0, instance:testcases.LoginPagePOMTests@3514a4c0]" started-at="2021-11-19T17:42:04 IST" name="setup" finished-at="2021-11-19T17:42:11 IST" duration-ms="7726" status="PASS">
          <reporter-output>
          </reporter-output>
        </test-method> <!-- setup -->
        <test-method signature="loginTest()[pri:0, instance:testcases.LoginPagePOMTests@3514a4c0]" started-at="2021-11-19T17:42:11 IST" name="loginTest" finished-at="2021-11-19T17:42:15 IST" duration-ms="3729" status="PASS">
          <reporter-output>
          </reporter-output>
        </test-method> <!-- loginTest -->
        <test-method is-config="true" signature="closeBrower()[pri:0, instance:testcases.LoginPagePOMTests@3514a4c0]" started-at="2021-11-19T17:42:15 IST" name="closeBrower" finished-at="2021-11-19T17:42:16 IST" duration-ms="1076" status="PASS">
          <reporter-output>
          </reporter-output>
        </test-method> <!-- closeBrower -->
      </class> <!-- testcases.LoginPagePOMTests -->
    </test> <!-- Default test -->
  </suite> <!-- Default suite -->
</testng-results>
